#
# There is insufficient memory for the Java Runtime Environment to continue.
# Native memory allocation (mmap) failed to map 65536 bytes. Error detail: Failed to commit metaspace.
# Possible reasons:
#   The system is out of physical RAM or swap space
#   This process is running with CompressedOops enabled, and the Java Heap may be blocking the growth of the native heap
# Possible solutions:
#   Reduce memory load on the system
#   Increase physical memory or swap space
#   Check if swap backing store is full
#   Decrease Java heap size (-Xmx/-Xms)
#   Decrease number of Java threads
#   Decrease Java thread stack sizes (-Xss)
#   Set larger code cache with -XX:ReservedCodeCacheSize=
#   JVM is running with Zero Based Compressed Oops mode in which the Java heap is
#     placed in the first 32GB address space. The Java Heap base address is the
#     maximum limit for the native heap growth. Please use -XX:HeapBaseMinAddress
#     to set the Java Heap base and to place the Java Heap above 32GB virtual address.
# This output file may be truncated or incomplete.
#
#  Out of Memory Error (virtualSpaceNode.cpp:110), pid=21008, tid=18968
#
# JRE version: OpenJDK Runtime Environment JBR-17.0.12+1-1207.37-jcef (17.0.12+1) (build 17.0.12+1-b1207.37)
# Java VM: OpenJDK 64-Bit Server VM JBR-17.0.12+1-1207.37-jcef (17.0.12+1-b1207.37, mixed mode, tiered, compressed oops, compressed class ptrs, g1 gc, windows-amd64)
# No core dump will be written. Minidumps are not enabled by default on client versions of Windows
#

---------------  S U M M A R Y ------------

Command Line: -javaagent:C:\Program Files\JetBrains\IntelliJ IDEA Community Edition 2024.2.3\lib\idea_rt.jar=58672:C:\Program Files\JetBrains\IntelliJ IDEA Community Edition 2024.2.3\bin -Dfile.encoding=UTF-8 StoreInfo

Host: Intel(R) Core(TM) i7-1065G7 CPU @ 1.30GHz, 8 cores, 15G,  Windows 11 , 64 bit Build 22621 (10.0.22621.4391)
Time: Thu Jan 23 15:34:04 2025  Windows 11 , 64 bit Build 22621 (10.0.22621.4391) elapsed time: 0.121948 seconds (0d 0h 0m 0s)

---------------  T H R E A D  ---------------

Current thread (0x0000017507f768e0):  JavaThread "main" [_thread_in_vm, id=18968, stack(0x0000006744900000,0x0000006744a00000)]

Stack: [0x0000006744900000,0x0000006744a00000]
Native frames: (J=compiled Java code, j=interpreted, Vv=VM code, C=native code)
V  [jvm.dll+0x689d89]
V  [jvm.dll+0x84386a]
V  [jvm.dll+0x8454ee]
V  [jvm.dll+0x845b53]
V  [jvm.dll+0x24a56f]
V  [jvm.dll+0x83e6ed]
V  [jvm.dll+0x62de6e]
V  [jvm.dll+0x62deda]
V  [jvm.dll+0x6306f4]
V  [jvm.dll+0x62e816]
V  [jvm.dll+0x23e04f]
V  [jvm.dll+0x638705]
V  [jvm.dll+0x1ed1cb]
V  [jvm.dll+0x1ed705]
V  [jvm.dll+0x1ee0a7]
V  [jvm.dll+0x1e354c]
V  [jvm.dll+0x54e44c]
V  [jvm.dll+0x1f40fb]
V  [jvm.dll+0x7bbc6b]
V  [jvm.dll+0x7bd0d9]
V  [jvm.dll+0x7bd428]
V  [jvm.dll+0x241e6e]
V  [jvm.dll+0x388c6b]
C  0x000001751306f65f

The last pc belongs to ldc_w (printed below).
Java frames: (J=compiled Java code, j=interpreted, Vv=VM code)
j  java.lang.invoke.DirectMethodHandle.<clinit>()V+82 java.base@17.0.12
v  ~StubRoutines::call_stub
j  java.lang.invoke.MethodHandles$Lookup.getDirectMethodCommon(BLjava/lang/Class;Ljava/lang/invoke/MemberName;ZZLjava/lang/invoke/MethodHandles$Lookup;)Ljava/lang/invoke/MethodHandle;+210 java.base@17.0.12
j  java.lang.invoke.MethodHandles$Lookup.getDirectMethodNoSecurityManager(BLjava/lang/Class;Ljava/lang/invoke/MemberName;Ljava/lang/invoke/MethodHandles$Lookup;)Ljava/lang/invoke/MethodHandle;+14 java.base@17.0.12
j  java.lang.invoke.MethodHandles$Lookup.getDirectMethodForConstant(BLjava/lang/Class;Ljava/lang/invoke/MemberName;)Ljava/lang/invoke/MethodHandle;+31 java.base@17.0.12
j  java.lang.invoke.MethodHandles$Lookup.linkMethodHandleConstant(BLjava/lang/Class;Ljava/lang/String;Ljava/lang/Object;)Ljava/lang/invoke/MethodHandle;+153 java.base@17.0.12
j  java.lang.invoke.MethodHandleNatives.linkMethodHandleConstant(Ljava/lang/Class;ILjava/lang/Class;Ljava/lang/String;Ljava/lang/Object;)Ljava/lang/invoke/MethodHandle;+38 java.base@17.0.12
v  ~StubRoutines::call_stub
j  jdk.internal.module.DefaultRoots.compute(Ljava/lang/module/ModuleFinder;Ljava/lang/module/ModuleFinder;)Ljava/util/Set;+11 java.base@17.0.12
j  jdk.internal.module.ModuleBootstrap.boot2()Ljava/lang/ModuleLayer;+727 java.base@17.0.12
j  jdk.internal.module.ModuleBootstrap.boot()Ljava/lang/ModuleLayer;+64 java.base@17.0.12
j  java.lang.System.initPhase2(ZZ)I+0 java.base@17.0.12
v  ~StubRoutines::call_stub
ldc_w  19 ldc_w  [0x000001751306f5a0, 0x000001751306f880]  736 bytes
[MachCode]
  0x000001751306f5a0: 4883 ec08 | c5fa 1104 | 24eb 1f48 | 83ec 10c5 | fb11 0424 | eb14 4883 | ec10 4889 | 0424 48c7 
  0x000001751306f5c0: 4424 0800 | 0000 00eb | 0150 410f | b75d 010f | cbc1 eb10 | 488b 4de8 | 488b 4908 | 488b 4908 
  0x000001751306f5e0: 488b 4108 | 0fb6 5418 | 0483 fa64 | 740e 83fa | 6774 0983 | fa07 0f85 | bf00 0000 | ba01 0000 
  0x000001751306f600: 00e8 0500 | 0000 e9aa | 0000 0048 | 8d44 2408 | 4c89 6dc0 | 498b cfc5 | f877 4989 | afa8 0200 
  0x000001751306f620: 0049 8987 | 9802 0000 | 4883 ec20 | f7c4 0f00 | 0000 0f84 | 1a00 0000 | 4883 ec08 | 49ba 608b 
  0x000001751306f640: dc11 fd7f | 0000 41ff | d248 83c4 | 08e9 0d00 | 0000 49ba | 608b dc11 | fd7f 0000 | 41ff d248 
  0x000001751306f660: 83c4 2049 | c787 9802 | 0000 0000 | 0000 49c7 | 87a8 0200 | 0000 0000 | 0049 c787 | a002 0000 
  0x000001751306f680: 0000 0000 | c5f8 7749 | 817f 0800 | 0000 000f | 8405 0000 | 00e9 6618 | ffff 498b | 87f0 0200 
  0x000001751306f6a0: 0049 c787 | f002 0000 | 0000 0000 | 4c8b 6dc0 | 4c8b 75c8 | c350 e997 | 0100 0083 | fa04 7514 
  0x000001751306f6c0: c5fa 1044 | d948 4883 | ec08 c5fa | 1104 24e9 | 7e01 0000 | 83fa 0375 | 0a8b 44d9 | 4850 e96f 
  0x000001751306f6e0: 0100 00ba | 1300 0000 | e805 0000 | 00e9 aa00 | 0000 488d | 4424 084c | 896d c049 | 8bcf c5f8 
  0x000001751306f700: 7749 89af | a802 0000 | 4989 8798 | 0200 0048 | 83ec 20f7 | c40f 0000 | 000f 841a | 0000 0048 
  0x000001751306f720: 83ec 0849 | bac0 b0dc | 11fd 7f00 | 0041 ffd2 | 4883 c408 | e90d 0000 | 0049 bac0 | b0dc 11fd 
  0x000001751306f740: 7f00 0041 | ffd2 4883 | c420 49c7 | 8798 0200 | 0000 0000 | 0049 c787 | a802 0000 | 0000 0000 
  0x000001751306f760: 49c7 87a0 | 0200 0000 | 0000 00c5 | f877 4981 | 7f08 0000 | 0000 0f84 | 0500 0000 | e97f 17ff 
  0x000001751306f780: ff49 8b87 | f002 0000 | 49c7 87f0 | 0200 0000 | 0000 004c | 8b6d c04c | 8b75 c8c3 | 498b 8ff8 
  0x000001751306f7a0: 0200 0049 | c787 f802 | 0000 0000 | 0000 8bd9 | 81e3 ffff | 0000 c1e9 | 1c83 e10f | 83f9 040f 
  0x000001751306f7c0: 8509 0000 | 008b 0418 | 50e9 8400 | 0000 83f9 | 060f 8513 | 0000 00c5 | fa10 0418 | 4883 ec08 
  0x000001751306f7e0: c5fa 1104 | 24e9 6800 | 0000 83f9 | 030f 850a | 0000 000f | bf04 1850 | e955 0000 | 0083 f900 
  0x000001751306f800: 0f85 0a00 | 0000 0fbe | 0418 50e9 | 4200 0000 | 83f9 020f | 850a 0000 | 000f b704 | 1850 e92f 
  0x000001751306f820: 0000 0083 | f901 0f85 | 0a00 0000 | 0fbe 0418 | 50e9 1c00 | 0000 48b9 | 2078 4112 | fd7f 0000 
  0x000001751306f840: 4883 e4f0 | 49ba 40ec | ff11 fd7f | 0000 41ff | d2f4 410f | b65d 0349 | 83c5 0349 | ba80 1f60 
  0x000001751306f860: 12fd 7f00 | 0041 ff24 | da0f 1f80 | 0000 0000 | 0000 0000 | 0000 0000 | 0000 0000 | 0000 0000 
[/MachCode]

---------------  P R O C E S S  ---------------

Threads class SMR info:
_java_thread_list=0x000001752b04bff0, length=10, elements={
0x0000017507f768e0, 0x000001752b04daf0, 0x000001752b04e6b0, 0x000001752b093650,
0x000001752b096220, 0x000001752b098bf0, 0x000001752b0995b0, 0x000001752b09a350,
0x000001752b09ae00, 0x000001752b09b800
}

Java Threads: ( => current thread )
=>0x0000017507f768e0 JavaThread "main" [_thread_in_vm, id=18968, stack(0x0000006744900000,0x0000006744a00000)]
  0x000001752b04daf0 JavaThread "Reference Handler" daemon [_thread_blocked, id=1592, stack(0x0000006745000000,0x0000006745100000)]
  0x000001752b04e6b0 JavaThread "Finalizer" daemon [_thread_blocked, id=12784, stack(0x0000006745100000,0x0000006745200000)]
  0x000001752b093650 JavaThread "Signal Dispatcher" daemon [_thread_blocked, id=28860, stack(0x0000006745200000,0x0000006745300000)]
  0x000001752b096220 JavaThread "Attach Listener" daemon [_thread_blocked, id=30688, stack(0x0000006745300000,0x0000006745400000)]
  0x000001752b098bf0 JavaThread "Service Thread" daemon [_thread_blocked, id=30296, stack(0x0000006745400000,0x0000006745500000)]
  0x000001752b0995b0 JavaThread "Monitor Deflation Thread" daemon [_thread_blocked, id=23328, stack(0x0000006745500000,0x0000006745600000)]
  0x000001752b09a350 JavaThread "C2 CompilerThread0" daemon [_thread_blocked, id=15944, stack(0x0000006745600000,0x0000006745700000)]
  0x000001752b09ae00 JavaThread "C1 CompilerThread0" daemon [_thread_blocked, id=25568, stack(0x0000006745700000,0x0000006745800000)]
  0x000001752b09b800 JavaThread "Sweeper thread" daemon [_thread_blocked, id=31560, stack(0x0000006745800000,0x0000006745900000)]

Other Threads:
  0x000001752b04c030 VMThread "VM Thread" [stack: 0x0000006744f00000,0x0000006745000000] [id=16480]
  0x0000017507fe3cc0 GCTaskThread "GC Thread#0" [stack: 0x0000006744a00000,0x0000006744b00000] [id=24676]
  0x0000017507ff4790 ConcurrentGCThread "G1 Main Marker" [stack: 0x0000006744b00000,0x0000006744c00000] [id=14484]
  0x0000017507ff51b0 ConcurrentGCThread "G1 Conc#0" [stack: 0x0000006744c00000,0x0000006744d00000] [id=18836]
  0x0000017526cde540 ConcurrentGCThread "G1 Refine#0" [stack: 0x0000006744d00000,0x0000006744e00000] [id=5740]
  0x0000017526cdee80 ConcurrentGCThread "G1 Service" [stack: 0x0000006744e00000,0x0000006744f00000] [id=31780]

Threads with active compile tasks:

VM state: not at safepoint (normal execution)

VM Mutex/Monitor currently owned by a thread:  ([mutex/lock_event])
[0x0000017507f71e70] Metaspace_lock - owner thread: 0x0000017507f768e0

Heap address: 0x0000000704800000, size: 4024 MB, Compressed Oops mode: Zero based, Oop shift amount: 3

CDS archive(s) not mapped
Compressed class space mapped at: 0x0000000800000000-0x0000000840000000, reserved size: 1073741824
Narrow klass base: 0x0000000800000000, Narrow klass shift: 0, Narrow klass range: 0x40000000

GC Precious Log:
 CPUs: 8 total, 8 available
 Memory: 16093M
 Large Page Support: Disabled
 NUMA Support: Disabled
 Compressed Oops: Enabled (Zero based)
 Heap Region Size: 2M
 Heap Min Capacity: 8M
 Heap Initial Capacity: 252M
 Heap Max Capacity: 4024M
 Pre-touch: Disabled
 Parallel Workers: 8
 Concurrent Workers: 2
 Concurrent Refinement Workers: 8
 Periodic GC: Disabled

Heap:
 garbage-first heap   total 258048K, used 0K [0x0000000704800000, 0x0000000800000000)
  region size 2048K, 1 young (2048K), 0 survivors (0K)
 Metaspace       used 3756K, committed 3776K, reserved 1114112K
  class space    used 300K, committed 320K, reserved 1048576K

Heap Regions: E=young(eden), S=young(survivor), O=old, HS=humongous(starts), HC=humongous(continues), CS=collection set, F=free, OA=open archive, CA=closed archive, TAMS=top-at-mark-start (previous, next)
|   0|0x0000000704800000, 0x0000000704800000, 0x0000000704a00000|  0%| F|  |TAMS 0x0000000704800000, 0x0000000704800000| Untracked 
|   1|0x0000000704a00000, 0x0000000704a00000, 0x0000000704c00000|  0%| F|  |TAMS 0x0000000704a00000, 0x0000000704a00000| Untracked 
|   2|0x0000000704c00000, 0x0000000704c00000, 0x0000000704e00000|  0%| F|  |TAMS 0x0000000704c00000, 0x0000000704c00000| Untracked 
|   3|0x0000000704e00000, 0x0000000704e00000, 0x0000000705000000|  0%| F|  |TAMS 0x0000000704e00000, 0x0000000704e00000| Untracked 
|   4|0x0000000705000000, 0x0000000705000000, 0x0000000705200000|  0%| F|  |TAMS 0x0000000705000000, 0x0000000705000000| Untracked 
|   5|0x0000000705200000, 0x0000000705200000, 0x0000000705400000|  0%| F|  |TAMS 0x0000000705200000, 0x0000000705200000| Untracked 
|   6|0x0000000705400000, 0x0000000705400000, 0x0000000705600000|  0%| F|  |TAMS 0x0000000705400000, 0x0000000705400000| Untracked 
|   7|0x0000000705600000, 0x0000000705600000, 0x0000000705800000|  0%| F|  |TAMS 0x0000000705600000, 0x0000000705600000| Untracked 
|   8|0x0000000705800000, 0x0000000705800000, 0x0000000705a00000|  0%| F|  |TAMS 0x0000000705800000, 0x0000000705800000| Untracked 
|   9|0x0000000705a00000, 0x0000000705a00000, 0x0000000705c00000|  0%| F|  |TAMS 0x0000000705a00000, 0x0000000705a00000| Untracked 
|  10|0x0000000705c00000, 0x0000000705c00000, 0x0000000705e00000|  0%| F|  |TAMS 0x0000000705c00000, 0x0000000705c00000| Untracked 
|  11|0x0000000705e00000, 0x0000000705e00000, 0x0000000706000000|  0%| F|  |TAMS 0x0000000705e00000, 0x0000000705e00000| Untracked 
|  12|0x0000000706000000, 0x0000000706000000, 0x0000000706200000|  0%| F|  |TAMS 0x0000000706000000, 0x0000000706000000| Untracked 
|  13|0x0000000706200000, 0x0000000706200000, 0x0000000706400000|  0%| F|  |TAMS 0x0000000706200000, 0x0000000706200000| Untracked 
|  14|0x0000000706400000, 0x0000000706400000, 0x0000000706600000|  0%| F|  |TAMS 0x0000000706400000, 0x0000000706400000| Untracked 
|  15|0x0000000706600000, 0x0000000706600000, 0x0000000706800000|  0%| F|  |TAMS 0x0000000706600000, 0x0000000706600000| Untracked 
|  16|0x0000000706800000, 0x0000000706800000, 0x0000000706a00000|  0%| F|  |TAMS 0x0000000706800000, 0x0000000706800000| Untracked 
|  17|0x0000000706a00000, 0x0000000706a00000, 0x0000000706c00000|  0%| F|  |TAMS 0x0000000706a00000, 0x0000000706a00000| Untracked 
|  18|0x0000000706c00000, 0x0000000706c00000, 0x0000000706e00000|  0%| F|  |TAMS 0x0000000706c00000, 0x0000000706c00000| Untracked 
|  19|0x0000000706e00000, 0x0000000706e00000, 0x0000000707000000|  0%| F|  |TAMS 0x0000000706e00000, 0x0000000706e00000| Untracked 
|  20|0x0000000707000000, 0x0000000707000000, 0x0000000707200000|  0%| F|  |TAMS 0x0000000707000000, 0x0000000707000000| Untracked 
|  21|0x0000000707200000, 0x0000000707200000, 0x0000000707400000|  0%| F|  |TAMS 0x0000000707200000, 0x0000000707200000| Untracked 
|  22|0x0000000707400000, 0x0000000707400000, 0x0000000707600000|  0%| F|  |TAMS 0x0000000707400000, 0x0000000707400000| Untracked 
|  23|0x0000000707600000, 0x0000000707600000, 0x0000000707800000|  0%| F|  |TAMS 0x0000000707600000, 0x0000000707600000| Untracked 
|  24|0x0000000707800000, 0x0000000707800000, 0x0000000707a00000|  0%| F|  |TAMS 0x0000000707800000, 0x0000000707800000| Untracked 
|  25|0x0000000707a00000, 0x0000000707a00000, 0x0000000707c00000|  0%| F|  |TAMS 0x0000000707a00000, 0x0000000707a00000| Untracked 
|  26|0x0000000707c00000, 0x0000000707c00000, 0x0000000707e00000|  0%| F|  |TAMS 0x0000000707c00000, 0x0000000707c00000| Untracked 
|  27|0x0000000707e00000, 0x0000000707e00000, 0x0000000708000000|  0%| F|  |TAMS 0x0000000707e00000, 0x0000000707e00000| Untracked 
|  28|0x0000000708000000, 0x0000000708000000, 0x0000000708200000|  0%| F|  |TAMS 0x0000000708000000, 0x0000000708000000| Untracked 
|  29|0x0000000708200000, 0x0000000708200000, 0x0000000708400000|  0%| F|  |TAMS 0x0000000708200000, 0x0000000708200000| Untracked 
|  30|0x0000000708400000, 0x0000000708400000, 0x0000000708600000|  0%| F|  |TAMS 0x0000000708400000, 0x0000000708400000| Untracked 
|  31|0x0000000708600000, 0x0000000708600000, 0x0000000708800000|  0%| F|  |TAMS 0x0000000708600000, 0x0000000708600000| Untracked 
|  32|0x0000000708800000, 0x0000000708800000, 0x0000000708a00000|  0%| F|  |TAMS 0x0000000708800000, 0x0000000708800000| Untracked 
|  33|0x0000000708a00000, 0x0000000708a00000, 0x0000000708c00000|  0%| F|  |TAMS 0x0000000708a00000, 0x0000000708a00000| Untracked 
|  34|0x0000000708c00000, 0x0000000708c00000, 0x0000000708e00000|  0%| F|  |TAMS 0x0000000708c00000, 0x0000000708c00000| Untracked 
|  35|0x0000000708e00000, 0x0000000708e00000, 0x0000000709000000|  0%| F|  |TAMS 0x0000000708e00000, 0x0000000708e00000| Untracked 
|  36|0x0000000709000000, 0x0000000709000000, 0x0000000709200000|  0%| F|  |TAMS 0x0000000709000000, 0x0000000709000000| Untracked 
|  37|0x0000000709200000, 0x0000000709200000, 0x0000000709400000|  0%| F|  |TAMS 0x0000000709200000, 0x0000000709200000| Untracked 
|  38|0x0000000709400000, 0x0000000709400000, 0x0000000709600000|  0%| F|  |TAMS 0x0000000709400000, 0x0000000709400000| Untracked 
|  39|0x0000000709600000, 0x0000000709600000, 0x0000000709800000|  0%| F|  |TAMS 0x0000000709600000, 0x0000000709600000| Untracked 
|  40|0x0000000709800000, 0x0000000709800000, 0x0000000709a00000|  0%| F|  |TAMS 0x0000000709800000, 0x0000000709800000| Untracked 
|  41|0x0000000709a00000, 0x0000000709a00000, 0x0000000709c00000|  0%| F|  |TAMS 0x0000000709a00000, 0x0000000709a00000| Untracked 
|  42|0x0000000709c00000, 0x0000000709c00000, 0x0000000709e00000|  0%| F|  |TAMS 0x0000000709c00000, 0x0000000709c00000| Untracked 
|  43|0x0000000709e00000, 0x0000000709e00000, 0x000000070a000000|  0%| F|  |TAMS 0x0000000709e00000, 0x0000000709e00000| Untracked 
|  44|0x000000070a000000, 0x000000070a000000, 0x000000070a200000|  0%| F|  |TAMS 0x000000070a000000, 0x000000070a000000| Untracked 
|  45|0x000000070a200000, 0x000000070a200000, 0x000000070a400000|  0%| F|  |TAMS 0x000000070a200000, 0x000000070a200000| Untracked 
|  46|0x000000070a400000, 0x000000070a400000, 0x000000070a600000|  0%| F|  |TAMS 0x000000070a400000, 0x000000070a400000| Untracked 
|  47|0x000000070a600000, 0x000000070a600000, 0x000000070a800000|  0%| F|  |TAMS 0x000000070a600000, 0x000000070a600000| Untracked 
|  48|0x000000070a800000, 0x000000070a800000, 0x000000070aa00000|  0%| F|  |TAMS 0x000000070a800000, 0x000000070a800000| Untracked 
|  49|0x000000070aa00000, 0x000000070aa00000, 0x000000070ac00000|  0%| F|  |TAMS 0x000000070aa00000, 0x000000070aa00000| Untracked 
|  50|0x000000070ac00000, 0x000000070ac00000, 0x000000070ae00000|  0%| F|  |TAMS 0x000000070ac00000, 0x000000070ac00000| Untracked 
|  51|0x000000070ae00000, 0x000000070ae00000, 0x000000070b000000|  0%| F|  |TAMS 0x000000070ae00000, 0x000000070ae00000| Untracked 
|  52|0x000000070b000000, 0x000000070b000000, 0x000000070b200000|  0%| F|  |TAMS 0x000000070b000000, 0x000000070b000000| Untracked 
|  53|0x000000070b200000, 0x000000070b200000, 0x000000070b400000|  0%| F|  |TAMS 0x000000070b200000, 0x000000070b200000| Untracked 
|  54|0x000000070b400000, 0x000000070b400000, 0x000000070b600000|  0%| F|  |TAMS 0x000000070b400000, 0x000000070b400000| Untracked 
|  55|0x000000070b600000, 0x000000070b600000, 0x000000070b800000|  0%| F|  |TAMS 0x000000070b600000, 0x000000070b600000| Untracked 
|  56|0x000000070b800000, 0x000000070b800000, 0x000000070ba00000|  0%| F|  |TAMS 0x000000070b800000, 0x000000070b800000| Untracked 
|  57|0x000000070ba00000, 0x000000070ba00000, 0x000000070bc00000|  0%| F|  |TAMS 0x000000070ba00000, 0x000000070ba00000| Untracked 
|  58|0x000000070bc00000, 0x000000070bc00000, 0x000000070be00000|  0%| F|  |TAMS 0x000000070bc00000, 0x000000070bc00000| Untracked 
|  59|0x000000070be00000, 0x000000070be00000, 0x000000070c000000|  0%| F|  |TAMS 0x000000070be00000, 0x000000070be00000| Untracked 
|  60|0x000000070c000000, 0x000000070c000000, 0x000000070c200000|  0%| F|  |TAMS 0x000000070c000000, 0x000000070c000000| Untracked 
|  61|0x000000070c200000, 0x000000070c200000, 0x000000070c400000|  0%| F|  |TAMS 0x000000070c200000, 0x000000070c200000| Untracked 
|  62|0x000000070c400000, 0x000000070c400000, 0x000000070c600000|  0%| F|  |TAMS 0x000000070c400000, 0x000000070c400000| Untracked 
|  63|0x000000070c600000, 0x000000070c600000, 0x000000070c800000|  0%| F|  |TAMS 0x000000070c600000, 0x000000070c600000| Untracked 
|  64|0x000000070c800000, 0x000000070c800000, 0x000000070ca00000|  0%| F|  |TAMS 0x000000070c800000, 0x000000070c800000| Untracked 
|  65|0x000000070ca00000, 0x000000070ca00000, 0x000000070cc00000|  0%| F|  |TAMS 0x000000070ca00000, 0x000000070ca00000| Untracked 
|  66|0x000000070cc00000, 0x000000070cc00000, 0x000000070ce00000|  0%| F|  |TAMS 0x000000070cc00000, 0x000000070cc00000| Untracked 
|  67|0x000000070ce00000, 0x000000070ce00000, 0x000000070d000000|  0%| F|  |TAMS 0x000000070ce00000, 0x000000070ce00000| Untracked 
|  68|0x000000070d000000, 0x000000070d000000, 0x000000070d200000|  0%| F|  |TAMS 0x000000070d000000, 0x000000070d000000| Untracked 
|  69|0x000000070d200000, 0x000000070d200000, 0x000000070d400000|  0%| F|  |TAMS 0x000000070d200000, 0x000000070d200000| Untracked 
|  70|0x000000070d400000, 0x000000070d400000, 0x000000070d600000|  0%| F|  |TAMS 0x000000070d400000, 0x000000070d400000| Untracked 
|  71|0x000000070d600000, 0x000000070d600000, 0x000000070d800000|  0%| F|  |TAMS 0x000000070d600000, 0x000000070d600000| Untracked 
|  72|0x000000070d800000, 0x000000070d800000, 0x000000070da00000|  0%| F|  |TAMS 0x000000070d800000, 0x000000070d800000| Untracked 
|  73|0x000000070da00000, 0x000000070da00000, 0x000000070dc00000|  0%| F|  |TAMS 0x000000070da00000, 0x000000070da00000| Untracked 
|  74|0x000000070dc00000, 0x000000070dc00000, 0x000000070de00000|  0%| F|  |TAMS 0x000000070dc00000, 0x000000070dc00000| Untracked 
|  75|0x000000070de00000, 0x000000070de00000, 0x000000070e000000|  0%| F|  |TAMS 0x000000070de00000, 0x000000070de00000| Untracked 
|  76|0x000000070e000000, 0x000000070e000000, 0x000000070e200000|  0%| F|  |TAMS 0x000000070e000000, 0x000000070e000000| Untracked 
|  77|0x000000070e200000, 0x000000070e200000, 0x000000070e400000|  0%| F|  |TAMS 0x000000070e200000, 0x000000070e200000| Untracked 
|  78|0x000000070e400000, 0x000000070e400000, 0x000000070e600000|  0%| F|  |TAMS 0x000000070e400000, 0x000000070e400000| Untracked 
|  79|0x000000070e600000, 0x000000070e600000, 0x000000070e800000|  0%| F|  |TAMS 0x000000070e600000, 0x000000070e600000| Untracked 
|  80|0x000000070e800000, 0x000000070e800000, 0x000000070ea00000|  0%| F|  |TAMS 0x000000070e800000, 0x000000070e800000| Untracked 
|  81|0x000000070ea00000, 0x000000070ea00000, 0x000000070ec00000|  0%| F|  |TAMS 0x000000070ea00000, 0x000000070ea00000| Untracked 
|  82|0x000000070ec00000, 0x000000070ec00000, 0x000000070ee00000|  0%| F|  |TAMS 0x000000070ec00000, 0x000000070ec00000| Untracked 
|  83|0x000000070ee00000, 0x000000070ee00000, 0x000000070f000000|  0%| F|  |TAMS 0x000000070ee00000, 0x000000070ee00000| Untracked 
|  84|0x000000070f000000, 0x000000070f000000, 0x000000070f200000|  0%| F|  |TAMS 0x000000070f000000, 0x000000070f000000| Untracked 
|  85|0x000000070f200000, 0x000000070f200000, 0x000000070f400000|  0%| F|  |TAMS 0x000000070f200000, 0x000000070f200000| Untracked 
|  86|0x000000070f400000, 0x000000070f400000, 0x000000070f600000|  0%| F|  |TAMS 0x000000070f400000, 0x000000070f400000| Untracked 
|  87|0x000000070f600000, 0x000000070f600000, 0x000000070f800000|  0%| F|  |TAMS 0x000000070f600000, 0x000000070f600000| Untracked 
|  88|0x000000070f800000, 0x000000070f800000, 0x000000070fa00000|  0%| F|  |TAMS 0x000000070f800000, 0x000000070f800000| Untracked 
|  89|0x000000070fa00000, 0x000000070fa00000, 0x000000070fc00000|  0%| F|  |TAMS 0x000000070fa00000, 0x000000070fa00000| Untracked 
|  90|0x000000070fc00000, 0x000000070fc00000, 0x000000070fe00000|  0%| F|  |TAMS 0x000000070fc00000, 0x000000070fc00000| Untracked 
|  91|0x000000070fe00000, 0x000000070fe00000, 0x0000000710000000|  0%| F|  |TAMS 0x000000070fe00000, 0x000000070fe00000| Untracked 
|  92|0x0000000710000000, 0x0000000710000000, 0x0000000710200000|  0%| F|  |TAMS 0x0000000710000000, 0x0000000710000000| Untracked 
|  93|0x0000000710200000, 0x0000000710200000, 0x0000000710400000|  0%| F|  |TAMS 0x0000000710200000, 0x0000000710200000| Untracked 
|  94|0x0000000710400000, 0x0000000710400000, 0x0000000710600000|  0%| F|  |TAMS 0x0000000710400000, 0x0000000710400000| Untracked 
|  95|0x0000000710600000, 0x0000000710600000, 0x0000000710800000|  0%| F|  |TAMS 0x0000000710600000, 0x0000000710600000| Untracked 
|  96|0x0000000710800000, 0x0000000710800000, 0x0000000710a00000|  0%| F|  |TAMS 0x0000000710800000, 0x0000000710800000| Untracked 
|  97|0x0000000710a00000, 0x0000000710a00000, 0x0000000710c00000|  0%| F|  |TAMS 0x0000000710a00000, 0x0000000710a00000| Untracked 
|  98|0x0000000710c00000, 0x0000000710c00000, 0x0000000710e00000|  0%| F|  |TAMS 0x0000000710c00000, 0x0000000710c00000| Untracked 
|  99|0x0000000710e00000, 0x0000000710e00000, 0x0000000711000000|  0%| F|  |TAMS 0x0000000710e00000, 0x0000000710e00000| Untracked 
| 100|0x0000000711000000, 0x0000000711000000, 0x0000000711200000|  0%| F|  |TAMS 0x0000000711000000, 0x0000000711000000| Untracked 
| 101|0x0000000711200000, 0x0000000711200000, 0x0000000711400000|  0%| F|  |TAMS 0x0000000711200000, 0x0000000711200000| Untracked 
| 102|0x0000000711400000, 0x0000000711400000, 0x0000000711600000|  0%| F|  |TAMS 0x0000000711400000, 0x0000000711400000| Untracked 
| 103|0x0000000711600000, 0x0000000711600000, 0x0000000711800000|  0%| F|  |TAMS 0x0000000711600000, 0x0000000711600000| Untracked 
| 104|0x0000000711800000, 0x0000000711800000, 0x0000000711a00000|  0%| F|  |TAMS 0x0000000711800000, 0x0000000711800000| Untracked 
| 105|0x0000000711a00000, 0x0000000711a00000, 0x0000000711c00000|  0%| F|  |TAMS 0x0000000711a00000, 0x0000000711a00000| Untracked 
| 106|0x0000000711c00000, 0x0000000711c00000, 0x0000000711e00000|  0%| F|  |TAMS 0x0000000711c00000, 0x0000000711c00000| Untracked 
| 107|0x0000000711e00000, 0x0000000711e00000, 0x0000000712000000|  0%| F|  |TAMS 0x0000000711e00000, 0x0000000711e00000| Untracked 
| 108|0x0000000712000000, 0x0000000712000000, 0x0000000712200000|  0%| F|  |TAMS 0x0000000712000000, 0x0000000712000000| Untracked 
| 109|0x0000000712200000, 0x0000000712200000, 0x0000000712400000|  0%| F|  |TAMS 0x0000000712200000, 0x0000000712200000| Untracked 
| 110|0x0000000712400000, 0x0000000712400000, 0x0000000712600000|  0%| F|  |TAMS 0x0000000712400000, 0x0000000712400000| Untracked 
| 111|0x0000000712600000, 0x0000000712600000, 0x0000000712800000|  0%| F|  |TAMS 0x0000000712600000, 0x0000000712600000| Untracked 
| 112|0x0000000712800000, 0x0000000712800000, 0x0000000712a00000|  0%| F|  |TAMS 0x0000000712800000, 0x0000000712800000| Untracked 
| 113|0x0000000712a00000, 0x0000000712a00000, 0x0000000712c00000|  0%| F|  |TAMS 0x0000000712a00000, 0x0000000712a00000| Untracked 
| 114|0x0000000712c00000, 0x0000000712c00000, 0x0000000712e00000|  0%| F|  |TAMS 0x0000000712c00000, 0x0000000712c00000| Untracked 
| 115|0x0000000712e00000, 0x0000000712e00000, 0x0000000713000000|  0%| F|  |TAMS 0x0000000712e00000, 0x0000000712e00000| Untracked 
| 116|0x0000000713000000, 0x0000000713000000, 0x0000000713200000|  0%| F|  |TAMS 0x0000000713000000, 0x0000000713000000| Untracked 
| 117|0x0000000713200000, 0x0000000713200000, 0x0000000713400000|  0%| F|  |TAMS 0x0000000713200000, 0x0000000713200000| Untracked 
| 118|0x0000000713400000, 0x0000000713400000, 0x0000000713600000|  0%| F|  |TAMS 0x0000000713400000, 0x0000000713400000| Untracked 
| 119|0x0000000713600000, 0x0000000713600000, 0x0000000713800000|  0%| F|  |TAMS 0x0000000713600000, 0x0000000713600000| Untracked 
| 120|0x0000000713800000, 0x0000000713800000, 0x0000000713a00000|  0%| F|  |TAMS 0x0000000713800000, 0x0000000713800000| Untracked 
| 121|0x0000000713a00000, 0x0000000713a00000, 0x0000000713c00000|  0%| F|  |TAMS 0x0000000713a00000, 0x0000000713a00000| Untracked 
| 122|0x0000000713c00000, 0x0000000713c00000, 0x0000000713e00000|  0%| F|  |TAMS 0x0000000713c00000, 0x0000000713c00000| Untracked 
| 123|0x0000000713e00000, 0x0000000713e00000, 0x0000000714000000|  0%| F|  |TAMS 0x0000000713e00000, 0x0000000713e00000| Untracked 
| 124|0x0000000714000000, 0x0000000714000000, 0x0000000714200000|  0%| F|  |TAMS 0x0000000714000000, 0x0000000714000000| Untracked 
| 125|0x0000000714200000, 0x00000007142e15a8, 0x0000000714400000| 44%| E|  |TAMS 0x0000000714200000, 0x0000000714200000| Complete 

Card table byte_map: [0x000001751b640000,0x000001751be20000] _byte_map_base: 0x0000017517e1c000

Marking Bits (Prev, Next): (CMBitMap*) 0x0000017507fe42e0, (CMBitMap*) 0x0000017507fe4320
 Prev Bits: [0x000001751c600000, 0x00000175204e0000)
 Next Bits: [0x00000175204e0000, 0x00000175243c0000)

Polling page: 0x0000017505ee0000

Metaspace:

Usage:
  Non-class:      3.37 MB used.
      Class:    300.33 KB used.
       Both:      3.67 MB used.

Virtual space:
  Non-class space:       64.00 MB reserved,       3.38 MB (  5%) committed,  1 nodes.
      Class space:        1.00 GB reserved,     320.00 KB ( <1%) committed,  1 nodes.
             Both:        1.06 GB reserved,       3.69 MB ( <1%) committed. 

Chunk freelists:
   Non-Class:  12.00 MB
       Class:  15.62 MB
        Both:  27.62 MB

MaxMetaspaceSize: unlimited
CompressedClassSpaceSize: 1.00 GB
Initial GC threshold: 21.00 MB
Current GC threshold: 21.00 MB
CDS: off
MetaspaceReclaimPolicy: balanced
 - commit_granule_bytes: 65536.
 - commit_granule_words: 8192.
 - virtual_space_node_default_size: 8388608.
 - enlarge_chunks_in_place: 1.
 - new_chunks_are_fully_committed: 0.
 - uncommit_free_chunks: 1.
 - use_allocation_guard: 0.
 - handle_deallocations: 1.


Internal statistics:

num_allocs_failed_limit: 0.
num_arena_births: 2.
num_arena_deaths: 0.
num_vsnodes_births: 2.
num_vsnodes_deaths: 0.
num_space_committed: 59.
num_space_uncommitted: 0.
num_chunks_returned_to_freelist: 0.
num_chunks_taken_from_freelist: 4.
num_chunk_merges: 0.
num_chunk_splits: 2.
num_chunks_enlarged: 0.
num_inconsistent_stats: 0.

CodeHeap 'non-profiled nmethods': size=120000Kb used=3Kb max_used=3Kb free=119996Kb
 bounds [0x0000017513600000, 0x0000017513870000, 0x000001751ab30000]
CodeHeap 'profiled nmethods': size=120000Kb used=34Kb max_used=34Kb free=119965Kb
 bounds [0x000001750bb30000, 0x000001750bda0000, 0x0000017513060000]
CodeHeap 'non-nmethods': size=5760Kb used=1046Kb max_used=1046Kb free=4713Kb
 bounds [0x0000017513060000, 0x00000175132d0000, 0x0000017513600000]
 total_blobs=321 nmethods=32 adapters=202
 compilation: enabled
              stopped_count=0, restarted_count=0
 full_count=0

Compilation events (20 events):
Event: 0.099 Thread 0x000001752b09ae00 nmethod 24 0x0000017513600010 code [0x00000175136001a0, 0x0000017513600278]
Event: 0.099 Thread 0x000001752b09ae00   25       3       java.lang.String::isEmpty (14 bytes)
Event: 0.099 Thread 0x000001752b09ae00 nmethod 25 0x000001750bb36790 code [0x000001750bb36920, 0x000001750bb36a98]
Event: 0.100 Thread 0x000001752b09ae00   26       3       java.lang.String::isLatin1 (19 bytes)
Event: 0.100 Thread 0x000001752b09ae00 nmethod 26 0x000001750bb36b90 code [0x000001750bb36d20, 0x000001750bb36e98]
Event: 0.100 Thread 0x000001752b09a350 nmethod 11 0x0000017513600310 code [0x0000017513600480, 0x00000175136005f8]
Event: 0.100 Thread 0x000001752b09ae00   28       3       java.lang.String::charAt (25 bytes)
Event: 0.100 Thread 0x000001752b09a350   16       4       java.lang.Object::<init> (1 bytes)
Event: 0.100 Thread 0x000001752b09a350 nmethod 16 0x0000017513600710 code [0x0000017513600880, 0x00000175136008f8]
Event: 0.100 Thread 0x000001752b09ae00 nmethod 28 0x000001750bb36f10 code [0x000001750bb370e0, 0x000001750bb374b8]
Event: 0.100 Thread 0x000001752b09ae00   29       3       java.lang.StringLatin1::charAt (28 bytes)
Event: 0.100 Thread 0x000001752b09ae00 nmethod 29 0x000001750bb37610 code [0x000001750bb377c0, 0x000001750bb379c8]
Event: 0.100 Thread 0x000001752b09ae00   27       1       java.lang.module.ModuleReference::descriptor (5 bytes)
Event: 0.100 Thread 0x000001752b09ae00 nmethod 27 0x0000017513600a10 code [0x0000017513600ba0, 0x0000017513600c78]
Event: 0.109 Thread 0x000001752b09ae00   30       3       java.util.concurrent.ConcurrentHashMap::tabAt (22 bytes)
Event: 0.110 Thread 0x000001752b09ae00 nmethod 30 0x000001750bb37b10 code [0x000001750bb37cc0, 0x000001750bb37fb8]
Event: 0.110 Thread 0x000001752b09ae00   32       3       java.util.ImmutableCollections$SetN$SetNIterator::next (90 bytes)
Event: 0.110 Thread 0x000001752b09ae00 nmethod 32 0x000001750bb38090 code [0x000001750bb38240, 0x000001750bb38568]
Event: 0.110 Thread 0x000001752b09ae00   31       3       jdk.internal.misc.Unsafe::getReferenceAcquire (7 bytes)
Event: 0.110 Thread 0x000001752b09ae00 nmethod 31 0x000001750bb38710 code [0x000001750bb388a0, 0x000001750bb38a18]

GC Heap History (0 events):
No events

Dll operation events (2 events):
Event: 0.011 Loaded shared library C:\Users\USER\.jdks\jbrsdk_jcef-17.0.12\bin\java.dll
Event: 0.051 Loaded shared library C:\Users\USER\.jdks\jbrsdk_jcef-17.0.12\bin\jsvml.dll

Deoptimization events (0 events):
No events

Classes loaded (20 events):
Event: 0.116 Loading class jdk/internal/reflect/NativeMethodAccessorImpl done
Event: 0.116 Loading class jdk/internal/reflect/DelegatingMethodAccessorImpl
Event: 0.116 Loading class jdk/internal/reflect/DelegatingMethodAccessorImpl done
Event: 0.117 Loading class java/lang/invoke/LambdaMetafactory
Event: 0.117 Loading class java/lang/invoke/LambdaMetafactory done
Event: 0.117 Loading class java/lang/invoke/MethodType$ConcurrentWeakInternSet
Event: 0.117 Loading class java/lang/invoke/MethodType$ConcurrentWeakInternSet done
Event: 0.117 Loading class java/lang/Void
Event: 0.117 Loading class java/lang/Void done
Event: 0.117 Loading class java/lang/invoke/MethodTypeForm
Event: 0.117 Loading class java/lang/invoke/MethodTypeForm done
Event: 0.117 Loading class java/lang/invoke/MethodType$ConcurrentWeakInternSet$WeakEntry
Event: 0.117 Loading class java/lang/invoke/MethodType$ConcurrentWeakInternSet$WeakEntry done
Event: 0.117 Loading class sun/invoke/util/Wrapper
Event: 0.118 Loading class sun/invoke/util/Wrapper done
Event: 0.118 Loading class sun/invoke/util/Wrapper$Format
Event: 0.118 Loading class sun/invoke/util/Wrapper$Format done
Event: 0.118 Loading class java/lang/invoke/LambdaForm$NamedFunction
Event: 0.119 Loading class java/lang/invoke/LambdaForm$NamedFunction done
Event: 0.119 Loading class java/lang/invoke/DirectMethodHandle$Holder

Classes unloaded (0 events):
No events

Classes redefined (0 events):
No events

Internal exceptions (0 events):
No events

VM Operations (0 events):
No events

Events (10 events):
Event: 0.051 Thread 0x0000017507f768e0 Thread added: 0x0000017507f768e0
Event: 0.066 Thread 0x000001752b04daf0 Thread added: 0x000001752b04daf0
Event: 0.067 Thread 0x000001752b04e6b0 Thread added: 0x000001752b04e6b0
Event: 0.086 Thread 0x000001752b093650 Thread added: 0x000001752b093650
Event: 0.086 Thread 0x000001752b096220 Thread added: 0x000001752b096220
Event: 0.087 Thread 0x000001752b098bf0 Thread added: 0x000001752b098bf0
Event: 0.087 Thread 0x000001752b0995b0 Thread added: 0x000001752b0995b0
Event: 0.087 Thread 0x000001752b09a350 Thread added: 0x000001752b09a350
Event: 0.087 Thread 0x000001752b09ae00 Thread added: 0x000001752b09ae00
Event: 0.087 Thread 0x000001752b09b800 Thread added: 0x000001752b09b800


Dynamic libraries:
0x00007ff6ab020000 - 0x00007ff6ab02a000 	C:\Users\USER\.jdks\jbrsdk_jcef-17.0.12\bin\java.exe
0x00007ffd86190000 - 0x00007ffd863a7000 	C:\WINDOWS\SYSTEM32\ntdll.dll
0x00007ffd852a0000 - 0x00007ffd85364000 	C:\WINDOWS\System32\KERNEL32.DLL
0x00007ffd83780000 - 0x00007ffd83b3a000 	C:\WINDOWS\System32\KERNELBASE.dll
0x00007ffd83660000 - 0x00007ffd83771000 	C:\WINDOWS\System32\ucrtbase.dll
0x00007ffd807e0000 - 0x00007ffd807f7000 	C:\Users\USER\.jdks\jbrsdk_jcef-17.0.12\bin\jli.dll
0x00007ffd80f20000 - 0x00007ffd80f3b000 	C:\Users\USER\.jdks\jbrsdk_jcef-17.0.12\bin\VCRUNTIME140.dll
0x00007ffd850f0000 - 0x00007ffd8529e000 	C:\WINDOWS\System32\USER32.dll
0x00007ffd83450000 - 0x00007ffd83476000 	C:\WINDOWS\System32\win32u.dll
0x00007ffd84f30000 - 0x00007ffd84f59000 	C:\WINDOWS\System32\GDI32.dll
0x00007ffd83d30000 - 0x00007ffd83e4b000 	C:\WINDOWS\System32\gdi32full.dll
0x00007ffd6e0f0000 - 0x00007ffd6e382000 	C:\WINDOWS\WinSxS\amd64_microsoft.windows.common-controls_6595b64144ccf1df_6.0.22621.4541_none_2710d1c57384c085\COMCTL32.dll
0x00007ffd83480000 - 0x00007ffd8351a000 	C:\WINDOWS\System32\msvcp_win.dll
0x00007ffd85040000 - 0x00007ffd850e7000 	C:\WINDOWS\System32\msvcrt.dll
0x00007ffd84220000 - 0x00007ffd84251000 	C:\WINDOWS\System32\IMM32.DLL
0x00007ffd80eb0000 - 0x00007ffd80ebc000 	C:\Users\USER\.jdks\jbrsdk_jcef-17.0.12\bin\vcruntime140_1.dll
0x00007ffd57a70000 - 0x00007ffd57afd000 	C:\Users\USER\.jdks\jbrsdk_jcef-17.0.12\bin\msvcp140.dll
0x00007ffd11a40000 - 0x00007ffd126ca000 	C:\Users\USER\.jdks\jbrsdk_jcef-17.0.12\bin\server\jvm.dll
0x00007ffd85b50000 - 0x00007ffd85c02000 	C:\WINDOWS\System32\ADVAPI32.dll
0x00007ffd84cd0000 - 0x00007ffd84d77000 	C:\WINDOWS\System32\sechost.dll
0x00007ffd83e50000 - 0x00007ffd83e78000 	C:\WINDOWS\System32\bcrypt.dll
0x00007ffd85840000 - 0x00007ffd85954000 	C:\WINDOWS\System32\RPCRT4.dll
0x00007ffd85960000 - 0x00007ffd859d1000 	C:\WINDOWS\System32\WS2_32.dll
0x00007ffd83170000 - 0x00007ffd831bd000 	C:\WINDOWS\SYSTEM32\POWRPROF.dll
0x00007ffd80f10000 - 0x00007ffd80f1a000 	C:\WINDOWS\SYSTEM32\VERSION.dll
0x00007ffd7e6e0000 - 0x00007ffd7e714000 	C:\WINDOWS\SYSTEM32\WINMM.dll
0x00007ffd83150000 - 0x00007ffd83163000 	C:\WINDOWS\SYSTEM32\UMPDC.dll
0x00007ffd82460000 - 0x00007ffd82478000 	C:\WINDOWS\SYSTEM32\kernel.appcore.dll
0x00007ffd7f090000 - 0x00007ffd7f09a000 	C:\Users\USER\.jdks\jbrsdk_jcef-17.0.12\bin\jimage.dll
0x00007ffd7fcd0000 - 0x00007ffd7ff02000 	C:\WINDOWS\SYSTEM32\DBGHELP.DLL
0x00007ffd83e80000 - 0x00007ffd84211000 	C:\WINDOWS\System32\combase.dll
0x00007ffd84f60000 - 0x00007ffd85037000 	C:\WINDOWS\System32\OLEAUT32.dll
0x00007ffd7ba30000 - 0x00007ffd7ba62000 	C:\WINDOWS\SYSTEM32\dbgcore.DLL
0x00007ffd835e0000 - 0x00007ffd8365b000 	C:\WINDOWS\System32\bcryptPrimitives.dll
0x00007ffd7f080000 - 0x00007ffd7f08e000 	C:\Users\USER\.jdks\jbrsdk_jcef-17.0.12\bin\instrument.dll
0x00007ffd7ddd0000 - 0x00007ffd7ddf5000 	C:\Users\USER\.jdks\jbrsdk_jcef-17.0.12\bin\java.dll
0x00007ffd7b150000 - 0x00007ffd7b168000 	C:\Users\USER\.jdks\jbrsdk_jcef-17.0.12\bin\zip.dll
0x00007ffd547f0000 - 0x00007ffd548c7000 	C:\Users\USER\.jdks\jbrsdk_jcef-17.0.12\bin\jsvml.dll
0x00007ffd84350000 - 0x00007ffd84bc9000 	C:\WINDOWS\System32\SHELL32.dll
0x00007ffd81340000 - 0x00007ffd81c49000 	C:\WINDOWS\SYSTEM32\windows.storage.dll
0x00007ffd81200000 - 0x00007ffd8133f000 	C:\WINDOWS\SYSTEM32\wintypes.dll
0x00007ffd84bd0000 - 0x00007ffd84cca000 	C:\WINDOWS\System32\SHCORE.dll
0x00007ffd860f0000 - 0x00007ffd8614e000 	C:\WINDOWS\System32\shlwapi.dll
0x00007ffd83380000 - 0x00007ffd833ab000 	C:\WINDOWS\SYSTEM32\profapi.dll

dbghelp: loaded successfully - version: 4.0.5 - missing functions: none
symbol engine: initialized successfully - sym options: 0x614 - pdb path: .;C:\Users\USER\.jdks\jbrsdk_jcef-17.0.12\bin;C:\WINDOWS\SYSTEM32;C:\WINDOWS\WinSxS\amd64_microsoft.windows.common-controls_6595b64144ccf1df_6.0.22621.4541_none_2710d1c57384c085;C:\Users\USER\.jdks\jbrsdk_jcef-17.0.12\bin\server

VM Arguments:
jvm_args: -javaagent:C:\Program Files\JetBrains\IntelliJ IDEA Community Edition 2024.2.3\lib\idea_rt.jar=58672:C:\Program Files\JetBrains\IntelliJ IDEA Community Edition 2024.2.3\bin -Dfile.encoding=UTF-8 
java_command: StoreInfo
java_class_path (initial): C:\demo\GUI\out\production\miniProject;C:\demo\MariaDB_Java\lib\mariadb-java-client-3.4.0.jar
Launcher Type: SUN_STANDARD

[Global flags]
     intx CICompilerCount                          = 4                                         {product} {ergonomic}
     uint ConcGCThreads                            = 2                                         {product} {ergonomic}
     uint G1ConcRefinementThreads                  = 8                                         {product} {ergonomic}
   size_t G1HeapRegionSize                         = 2097152                                   {product} {ergonomic}
    uintx GCDrainStackTargetSize                   = 64                                        {product} {ergonomic}
   size_t InitialHeapSize                          = 264241152                                 {product} {ergonomic}
   size_t MarkStackSize                            = 4194304                                   {product} {ergonomic}
   size_t MaxHeapSize                              = 4219469824                                {product} {ergonomic}
   size_t MaxNewSize                               = 2531262464                                {product} {ergonomic}
   size_t MinHeapDeltaBytes                        = 2097152                                   {product} {ergonomic}
   size_t MinHeapSize                              = 8388608                                   {product} {ergonomic}
    uintx NonNMethodCodeHeapSize                   = 5839372                                {pd product} {ergonomic}
    uintx NonProfiledCodeHeapSize                  = 122909434                              {pd product} {ergonomic}
    uintx ProfiledCodeHeapSize                     = 122909434                              {pd product} {ergonomic}
    uintx ReservedCodeCacheSize                    = 251658240                              {pd product} {ergonomic}
     bool SegmentedCodeCache                       = true                                      {product} {ergonomic}
   size_t SoftMaxHeapSize                          = 4219469824                             {manageable} {ergonomic}
     bool UseCompressedClassPointers               = true                           {product lp64_product} {ergonomic}
     bool UseCompressedOops                        = true                           {product lp64_product} {ergonomic}
     bool UseG1GC                                  = true                                      {product} {ergonomic}
     bool UseLargePagesIndividualAllocation        = false                                  {pd product} {ergonomic}

Logging:
Log output configuration:
 #0: stdout all=warning uptime,level,tags
 #1: stderr all=off uptime,level,tags

Environment Variables:
JAVA_HOME=C:\Program Files\Java\jdk-17
PATH=C:\app\USER\virtual\product\12.2.0\dbhome_1\bin;C:\Program Files\Docker\Docker\resources\bin;C:\WINDOWS\system32;C:\WINDOWS;C:\WINDOWS\System32\Wbem;C:\WINDOWS\System32\WindowsPowerShell\v1.0\;C:\WINDOWS\System32\OpenSSH\;C:\Program Files\Vagrant\bin;C:\Users\USER\AppData\Roaming\nvm;C:\Program Files\nodejs;C:\Program Files\MariaDB 11.6\bin;C:\Users\USER\Downloads\gradle-8.12-all\gradle-8.12\bin;C:\Program Files\Java\jdk-17\bin;C:\Users\USER\AppData\Local\Android\Sdk\platform-tools;C:\Users\USER\AppData\Local\Android\Sdk\tools;C:\Program Files\WireGuard\;C:\Program Files\MySQL\MySQL Server 8.4\bin;C:\Users\USER\AppData\Local\Android\Sdk\platform-tools;C:\Users\USER\AppData\Local\Android\Sdk\ndk\26.1.10909125\bin;C:\Users\USER\AppData\Local\Microsoft\WindowsApps;C:\Program Files\JetBrains\PyCharm 2024.1.2\bin;;C:\Users\USER\AppData\Local\Programs\Microsoft VS Code\bin;C:\MinGW\bin;C:\Program Files\Java\jdk-17\bin;C:\Program Files\OpenSSL-Win64\bin;C:\Program Files\mosquitto;C:\Program Files\Git\bin;C:\Windows\System32;C:\Windows\System32\WindowsPowerShell\v1.0;C:\src\flutter_windows_3.22.2-stable\flutter\bin;C:\Python312;C:\Python312\Scripts;C:\Users\USER\AppData\Local\Android\Sdk\platform-tools;C:\Users\USER\AppData\Roaming\npm;C:\Users\USER\AppData\Local\Pub\Cache\bin;C:\Users\USER\AppData\Local\GitHubDesktop\bin;C:\MentorGraphics\PADSVX.2.7\SDD_HOME\CAMCAD;C:\Program Files\JetBrains\IntelliJ IDEA Community Edition 2024.2.3\bin;;C:\Users\USER\AppData\Roaming\nvm;C:\Program Files\nodejs
USERNAME=USER
OS=Windows_NT
PROCESSOR_IDENTIFIER=Intel64 Family 6 Model 126 Stepping 5, GenuineIntel
TMP=C:\Users\USER\AppData\Local\Temp
TEMP=C:\Users\USER\AppData\Local\Temp



Periodic native trim disabled

JNI global refs:
JNI global refs: 6, weak refs: 0

JNI global refs memory usage: 843, weak refs: 209

Process memory usage:
Resident Set Size: 30740K (0% of 16479912K total physical memory with 2809840K free physical memory)

OOME stack traces (most recent first):
Classloader memory used:
Loader bootstrap                                                                       : 469K


---------------  S Y S T E M  ---------------

OS:
 Windows 11 , 64 bit Build 22621 (10.0.22621.4391)
OS uptime: 7 days 4:44 hours
Hyper-V role detected

CPU: total 8 (initial active 8) (4 cores per cpu, 2 threads per core) family 6 model 126 stepping 5 microcode 0x96, cx8, cmov, fxsr, ht, mmx, 3dnowpref, sse, sse2, sse3, ssse3, sse4.1, sse4.2, popcnt, lzcnt, tsc, tscinvbit, avx, avx2, aes, erms, clmul, bmi1, bmi2, adx, avx512f, avx512dq, avx512cd, avx512bw, avx512vl, sha, fma, vzeroupper, avx512_vpopcntdq, avx512_vpclmulqdq, avx512_vaes, avx512_vnni, clflush, clflushopt, avx512_vbmi2, avx512_vbmi, hv
Processor Information for all 8 processors :
  Max Mhz: 1498, Current Mhz: 1298, Mhz Limit: 1288

Memory: 4k page, system-wide physical 16093M (2743M free)
TotalPageFile size 65245M (AvailPageFile size 7M)
current process WorkingSet (physical memory assigned to process): 30M, peak: 30M
current process commit charge ("private bytes"): 330M, peak: 335M

vm_info: OpenJDK 64-Bit Server VM (17.0.12+1-b1207.37) for windows-amd64 JRE (17.0.12+1-b1207.37), built on 2024-09-25 by "builduser" with MS VC++ 16.10 / 16.11 (VS2019)

END.
