#
# There is insufficient memory for the Java Runtime Environment to continue.
# Native memory allocation (mmap) failed to map 264241152 bytes. Error detail: G1 virtual space
# Possible reasons:
#   The system is out of physical RAM or swap space
#   This process is running with CompressedOops enabled, and the Java Heap may be blocking the growth of the native heap
# Possible solutions:
#   Reduce memory load on the system
#   Increase physical memory or swap space
#   Check if swap backing store is full
#   Decrease Java heap size (-Xmx/-Xms)
#   Decrease number of Java threads
#   Decrease Java thread stack sizes (-Xss)
#   Set larger code cache with -XX:ReservedCodeCacheSize=
#   JVM is running with Zero Based Compressed Oops mode in which the Java heap is
#     placed in the first 32GB address space. The Java Heap base address is the
#     maximum limit for the native heap growth. Please use -XX:HeapBaseMinAddress
#     to set the Java Heap base and to place the Java Heap above 32GB virtual address.
# This output file may be truncated or incomplete.
#
#  Out of Memory Error (os_windows.cpp:3825), pid=28536, tid=13272
#
# JRE version:  (17.0.12+1) (build )
# Java VM: OpenJDK 64-Bit Server VM (17.0.12+1-b1207.37, mixed mode, sharing, tiered, compressed oops, compressed class ptrs, g1 gc, windows-amd64)
# No core dump will be written. Minidumps are not enabled by default on client versions of Windows
#

---------------  S U M M A R Y ------------

Command Line: -javaagent:C:\Program Files\JetBrains\IntelliJ IDEA Community Edition 2024.2.3\lib\idea_rt.jar=58697:C:\Program Files\JetBrains\IntelliJ IDEA Community Edition 2024.2.3\bin -Dfile.encoding=UTF-8 LoginPage

Host: Intel(R) Core(TM) i7-1065G7 CPU @ 1.30GHz, 8 cores, 15G,  Windows 11 , 64 bit Build 22621 (10.0.22621.4391)
Time: Thu Jan 23 15:36:09 2025  Windows 11 , 64 bit Build 22621 (10.0.22621.4391) elapsed time: 0.017573 seconds (0d 0h 0m 0s)

---------------  T H R E A D  ---------------

Current thread (0x000001aad8c273e0):  JavaThread "Unknown thread" [_thread_in_vm, id=13272, stack(0x00000062abe00000,0x00000062abf00000)]

Stack: [0x00000062abe00000,0x00000062abf00000]
Native frames: (J=compiled Java code, j=interpreted, Vv=VM code, C=native code)
V  [jvm.dll+0x689d89]  os::platform_print_native_stack+0xd9  (os_windows_x86.cpp:235)
V  [jvm.dll+0x84386a]  VMError::report+0xc6a  (vmError.cpp:868)
V  [jvm.dll+0x8454ee]  VMError::report_and_die+0x78e  (vmError.cpp:1766)
V  [jvm.dll+0x845b53]  VMError::report_and_die+0x43  (vmError.cpp:1552)
V  [jvm.dll+0x24a56f]  report_vm_out_of_memory+0x8f  (debug.cpp:321)
V  [jvm.dll+0x686ad9]  os::pd_commit_memory_or_exit+0xc9  (os_windows.cpp:3833)
V  [jvm.dll+0x67b3da]  os::commit_memory_or_exit+0x2a  (os.cpp:1740)
V  [jvm.dll+0x30b15b]  G1PageBasedVirtualSpace::commit+0x19b  (g1PageBasedVirtualSpace.cpp:204)
V  [jvm.dll+0x312646]  G1RegionsLargerThanCommitSizeMapper::commit_regions+0x96  (g1RegionToSpaceMapper.cpp:100)
V  [jvm.dll+0x36288e]  HeapRegionManager::expand_any+0xee  (heapRegionManager.cpp:363)
V  [jvm.dll+0x362acf]  HeapRegionManager::expand_by+0x7f  (heapRegionManager.cpp:380)
V  [jvm.dll+0x2e125c]  G1CollectedHeap::expand+0xbc  (g1CollectedHeap.cpp:1292)
V  [jvm.dll+0x2e21b4]  G1CollectedHeap::initialize+0x664  (g1CollectedHeap.cpp:1713)
V  [jvm.dll+0x81420b]  universe_init+0xbb  (universe.cpp:737)
V  [jvm.dll+0x370618]  init_globals+0x48  (init.cpp:131)
V  [jvm.dll+0x7f2b45]  Threads::create_vm+0x5e5  (thread.cpp:2909)
V  [jvm.dll+0x3f4aaf]  JNI_CreateJavaVM_inner+0x8f  (jni.cpp:3654)
V  [jvm.dll+0x3f6661]  JNI_CreateJavaVM+0x11  (jni.cpp:3746)
C  [jli.dll+0x528f]  JavaMain+0x113  (java.c:413)
C  [ucrtbase.dll+0x29333]
C  [KERNEL32.DLL+0x1259d]
C  [ntdll.dll+0x5af38]


---------------  P R O C E S S  ---------------

Threads class SMR info:
_java_thread_list=0x00007ffd0dbe5fd8, length=0, elements={
}

Java Threads: ( => current thread )

Other Threads:
  0x000001aad8c946f0 GCTaskThread "GC Thread#0" [stack: 0x00000062abf00000,0x00000062ac000000] [id=28168]
  0x000001aad8ca51c0 ConcurrentGCThread "G1 Main Marker" [stack: 0x00000062ac000000,0x00000062ac100000] [id=19908]
  0x000001aad8ca5be0 ConcurrentGCThread "G1 Conc#0" [stack: 0x00000062ac100000,0x00000062ac200000] [id=2236]

[error occurred during error reporting (printing all threads), id 0xc0000005, EXCEPTION_ACCESS_VIOLATION (0xc0000005) at pc=0x00007ffd0d391ae7]

VM state: not at safepoint (not fully initialized)

VM Mutex/Monitor currently owned by a thread:  ([mutex/lock_event])
[0x000001aad8c22460] Heap_lock - owner thread: 0x000001aad8c273e0

Heap address: 0x0000000704800000, size: 4024 MB, Compressed Oops mode: Zero based, Oop shift amount: 3

CDS archive(s) mapped at: [0x0000000000000000-0x0000000000000000-0x0000000000000000), size 0, SharedBaseAddress: 0x0000000800000000, ArchiveRelocationMode: 1.
Narrow klass base: 0x0000000000000000, Narrow klass shift: 0, Narrow klass range: 0x0

GC Precious Log:
<Empty>

Heap:
 garbage-first heap   total 0K, used 0K [0x0000000704800000, 0x0000000800000000)
  region size 2048K, 0 young (0K), 0 survivors (0K)
 Metaspace       used 0K, committed 0K, reserved 0K
  class space    used 0K, committed 0K, reserved 0K

Heap Regions: E=young(eden), S=young(survivor), O=old, HS=humongous(starts), HC=humongous(continues), CS=collection set, F=free, OA=open archive, CA=closed archive, TAMS=top-at-mark-start (previous, next)

Card table byte_map: [0x000001aaee230000,0x000001aaeea10000] _byte_map_base: 0x000001aaeaa0c000

Marking Bits (Prev, Next): (CMBitMap*) 0x000001aad8c94d10, (CMBitMap*) 0x000001aad8c94d50
 Prev Bits: [0x000001aaef1f0000, 0x000001aaf30d0000)
 Next Bits: [0x000001aaf30d0000, 0x000001aaf6fb0000)

GC Heap History (0 events):
No events

Dll operation events (1 events):
Event: 0.012 Loaded shared library C:\Users\USER\.jdks\jbrsdk_jcef-17.0.12\bin\java.dll

Deoptimization events (0 events):
No events

Classes loaded (0 events):
No events

Classes unloaded (0 events):
No events

Classes redefined (0 events):
No events

Internal exceptions (0 events):
No events

VM Operations (0 events):
No events

Events (0 events):
No events


Dynamic libraries:
0x00007ff6ab020000 - 0x00007ff6ab02a000 	C:\Users\USER\.jdks\jbrsdk_jcef-17.0.12\bin\java.exe
0x00007ffd86190000 - 0x00007ffd863a7000 	C:\WINDOWS\SYSTEM32\ntdll.dll
0x00007ffd852a0000 - 0x00007ffd85364000 	C:\WINDOWS\System32\KERNEL32.DLL
0x00007ffd83780000 - 0x00007ffd83b3a000 	C:\WINDOWS\System32\KERNELBASE.dll
0x00007ffd83660000 - 0x00007ffd83771000 	C:\WINDOWS\System32\ucrtbase.dll
0x00007ffd80f20000 - 0x00007ffd80f37000 	C:\Users\USER\.jdks\jbrsdk_jcef-17.0.12\bin\jli.dll
0x00007ffd807e0000 - 0x00007ffd807fb000 	C:\Users\USER\.jdks\jbrsdk_jcef-17.0.12\bin\VCRUNTIME140.dll
0x00007ffd850f0000 - 0x00007ffd8529e000 	C:\WINDOWS\System32\USER32.dll
0x00007ffd83450000 - 0x00007ffd83476000 	C:\WINDOWS\System32\win32u.dll
0x00007ffd6e0f0000 - 0x00007ffd6e382000 	C:\WINDOWS\WinSxS\amd64_microsoft.windows.common-controls_6595b64144ccf1df_6.0.22621.4541_none_2710d1c57384c085\COMCTL32.dll
0x00007ffd84f30000 - 0x00007ffd84f59000 	C:\WINDOWS\System32\GDI32.dll
0x00007ffd85040000 - 0x00007ffd850e7000 	C:\WINDOWS\System32\msvcrt.dll
0x00007ffd83d30000 - 0x00007ffd83e4b000 	C:\WINDOWS\System32\gdi32full.dll
0x00007ffd83480000 - 0x00007ffd8351a000 	C:\WINDOWS\System32\msvcp_win.dll
0x00007ffd84220000 - 0x00007ffd84251000 	C:\WINDOWS\System32\IMM32.DLL
0x00007ffd80eb0000 - 0x00007ffd80ebc000 	C:\Users\USER\.jdks\jbrsdk_jcef-17.0.12\bin\vcruntime140_1.dll
0x00007ffd580a0000 - 0x00007ffd5812d000 	C:\Users\USER\.jdks\jbrsdk_jcef-17.0.12\bin\msvcp140.dll
0x00007ffd0d0a0000 - 0x00007ffd0dd2a000 	C:\Users\USER\.jdks\jbrsdk_jcef-17.0.12\bin\server\jvm.dll
0x00007ffd85b50000 - 0x00007ffd85c02000 	C:\WINDOWS\System32\ADVAPI32.dll
0x00007ffd84cd0000 - 0x00007ffd84d77000 	C:\WINDOWS\System32\sechost.dll
0x00007ffd83e50000 - 0x00007ffd83e78000 	C:\WINDOWS\System32\bcrypt.dll
0x00007ffd85840000 - 0x00007ffd85954000 	C:\WINDOWS\System32\RPCRT4.dll
0x00007ffd85960000 - 0x00007ffd859d1000 	C:\WINDOWS\System32\WS2_32.dll
0x00007ffd7e6e0000 - 0x00007ffd7e714000 	C:\WINDOWS\SYSTEM32\WINMM.dll
0x00007ffd83170000 - 0x00007ffd831bd000 	C:\WINDOWS\SYSTEM32\POWRPROF.dll
0x00007ffd80f10000 - 0x00007ffd80f1a000 	C:\WINDOWS\SYSTEM32\VERSION.dll
0x00007ffd83150000 - 0x00007ffd83163000 	C:\WINDOWS\SYSTEM32\UMPDC.dll
0x00007ffd82460000 - 0x00007ffd82478000 	C:\WINDOWS\SYSTEM32\kernel.appcore.dll
0x00007ffd7f090000 - 0x00007ffd7f09a000 	C:\Users\USER\.jdks\jbrsdk_jcef-17.0.12\bin\jimage.dll
0x00007ffd7fcd0000 - 0x00007ffd7ff02000 	C:\WINDOWS\SYSTEM32\DBGHELP.DLL
0x00007ffd83e80000 - 0x00007ffd84211000 	C:\WINDOWS\System32\combase.dll
0x00007ffd84f60000 - 0x00007ffd85037000 	C:\WINDOWS\System32\OLEAUT32.dll
0x00007ffd7ba30000 - 0x00007ffd7ba62000 	C:\WINDOWS\SYSTEM32\dbgcore.DLL
0x00007ffd835e0000 - 0x00007ffd8365b000 	C:\WINDOWS\System32\bcryptPrimitives.dll
0x00007ffd7f080000 - 0x00007ffd7f08e000 	C:\Users\USER\.jdks\jbrsdk_jcef-17.0.12\bin\instrument.dll
0x00007ffd70460000 - 0x00007ffd70485000 	C:\Users\USER\.jdks\jbrsdk_jcef-17.0.12\bin\java.dll

dbghelp: loaded successfully - version: 4.0.5 - missing functions: none
symbol engine: initialized successfully - sym options: 0x614 - pdb path: .;C:\Users\USER\.jdks\jbrsdk_jcef-17.0.12\bin;C:\WINDOWS\SYSTEM32;C:\WINDOWS\WinSxS\amd64_microsoft.windows.common-controls_6595b64144ccf1df_6.0.22621.4541_none_2710d1c57384c085;C:\Users\USER\.jdks\jbrsdk_jcef-17.0.12\bin\server

VM Arguments:
jvm_args: -javaagent:C:\Program Files\JetBrains\IntelliJ IDEA Community Edition 2024.2.3\lib\idea_rt.jar=58697:C:\Program Files\JetBrains\IntelliJ IDEA Community Edition 2024.2.3\bin -Dfile.encoding=UTF-8 
java_command: LoginPage
java_class_path (initial): C:\demo\GUI\out\production\miniProject;C:\demo\MariaDB_Java\lib\mariadb-java-client-3.4.0.jar
Launcher Type: SUN_STANDARD

[Global flags]
     intx CICompilerCount                          = 4                                         {product} {ergonomic}
     uint ConcGCThreads                            = 2                                         {product} {ergonomic}
     uint G1ConcRefinementThreads                  = 8                                         {product} {ergonomic}
   size_t G1HeapRegionSize                         = 2097152                                   {product} {ergonomic}
    uintx GCDrainStackTargetSize                   = 64                                        {product} {ergonomic}
   size_t InitialHeapSize                          = 264241152                                 {product} {ergonomic}
   size_t MarkStackSize                            = 4194304                                   {product} {ergonomic}
   size_t MaxHeapSize                              = 4219469824                                {product} {ergonomic}
   size_t MinHeapDeltaBytes                        = 2097152                                   {product} {ergonomic}
   size_t MinHeapSize                              = 8388608                                   {product} {ergonomic}
    uintx NonNMethodCodeHeapSize                   = 5839372                                {pd product} {ergonomic}
    uintx NonProfiledCodeHeapSize                  = 122909434                              {pd product} {ergonomic}
    uintx ProfiledCodeHeapSize                     = 122909434                              {pd product} {ergonomic}
    uintx ReservedCodeCacheSize                    = 251658240                              {pd product} {ergonomic}
     bool SegmentedCodeCache                       = true                                      {product} {ergonomic}
   size_t SoftMaxHeapSize                          = 4219469824                             {manageable} {ergonomic}
     bool UseCompressedClassPointers               = true                           {product lp64_product} {ergonomic}
     bool UseCompressedOops                        = true                           {product lp64_product} {ergonomic}
     bool UseG1GC                                  = true                                      {product} {ergonomic}
     bool UseLargePagesIndividualAllocation        = false                                  {pd product} {ergonomic}

Logging:
Log output configuration:
 #0: stdout all=warning uptime,level,tags
 #1: stderr all=off uptime,level,tags

Environment Variables:
JAVA_HOME=C:\Program Files\Java\jdk-17
PATH=C:\app\USER\virtual\product\12.2.0\dbhome_1\bin;C:\Program Files\Docker\Docker\resources\bin;C:\WINDOWS\system32;C:\WINDOWS;C:\WINDOWS\System32\Wbem;C:\WINDOWS\System32\WindowsPowerShell\v1.0\;C:\WINDOWS\System32\OpenSSH\;C:\Program Files\Vagrant\bin;C:\Users\USER\AppData\Roaming\nvm;C:\Program Files\nodejs;C:\Program Files\MariaDB 11.6\bin;C:\Users\USER\Downloads\gradle-8.12-all\gradle-8.12\bin;C:\Program Files\Java\jdk-17\bin;C:\Users\USER\AppData\Local\Android\Sdk\platform-tools;C:\Users\USER\AppData\Local\Android\Sdk\tools;C:\Program Files\WireGuard\;C:\Program Files\MySQL\MySQL Server 8.4\bin;C:\Users\USER\AppData\Local\Android\Sdk\platform-tools;C:\Users\USER\AppData\Local\Android\Sdk\ndk\26.1.10909125\bin;C:\Users\USER\AppData\Local\Microsoft\WindowsApps;C:\Program Files\JetBrains\PyCharm 2024.1.2\bin;;C:\Users\USER\AppData\Local\Programs\Microsoft VS Code\bin;C:\MinGW\bin;C:\Program Files\Java\jdk-17\bin;C:\Program Files\OpenSSL-Win64\bin;C:\Program Files\mosquitto;C:\Program Files\Git\bin;C:\Windows\System32;C:\Windows\System32\WindowsPowerShell\v1.0;C:\src\flutter_windows_3.22.2-stable\flutter\bin;C:\Python312;C:\Python312\Scripts;C:\Users\USER\AppData\Local\Android\Sdk\platform-tools;C:\Users\USER\AppData\Roaming\npm;C:\Users\USER\AppData\Local\Pub\Cache\bin;C:\Users\USER\AppData\Local\GitHubDesktop\bin;C:\MentorGraphics\PADSVX.2.7\SDD_HOME\CAMCAD;C:\Program Files\JetBrains\IntelliJ IDEA Community Edition 2024.2.3\bin;;C:\Users\USER\AppData\Roaming\nvm;C:\Program Files\nodejs
USERNAME=USER
OS=Windows_NT
PROCESSOR_IDENTIFIER=Intel64 Family 6 Model 126 Stepping 5, GenuineIntel
TMP=C:\Users\USER\AppData\Local\Temp
TEMP=C:\Users\USER\AppData\Local\Temp



Periodic native trim disabled

JNI global refs:
JNI global refs: 0, weak refs: 0

JNI global refs memory usage: 0, weak refs: 0

Process memory usage:
Resident Set Size: 46648K (0% of 16479912K total physical memory with 2679544K free physical memory)

OOME stack traces (most recent first):
Classloader memory used:


---------------  S Y S T E M  ---------------

OS:
 Windows 11 , 64 bit Build 22621 (10.0.22621.4391)
OS uptime: 7 days 4:46 hours
Hyper-V role detected

CPU: total 8 (initial active 8) (4 cores per cpu, 2 threads per core) family 6 model 126 stepping 5 microcode 0x96, cx8, cmov, fxsr, ht, mmx, 3dnowpref, sse, sse2, sse3, ssse3, sse4.1, sse4.2, popcnt, lzcnt, tsc, tscinvbit, avx, avx2, aes, erms, clmul, bmi1, bmi2, adx, avx512f, avx512dq, avx512cd, avx512bw, avx512vl, sha, fma, vzeroupper, avx512_vpopcntdq, avx512_vpclmulqdq, avx512_vaes, avx512_vnni, clflush, clflushopt, avx512_vbmi2, avx512_vbmi, hv
Processor Information for all 8 processors :
  Max Mhz: 1498, Current Mhz: 1298, Mhz Limit: 1288

Memory: 4k page, system-wide physical 16093M (2616M free)
TotalPageFile size 65245M (AvailPageFile size 157M)
current process WorkingSet (physical memory assigned to process): 45M, peak: 45M
current process commit charge ("private bytes"): 93M, peak: 312M

vm_info: OpenJDK 64-Bit Server VM (17.0.12+1-b1207.37) for windows-amd64 JRE (17.0.12+1-b1207.37), built on 2024-09-25 by "builduser" with MS VC++ 16.10 / 16.11 (VS2019)

END.
